<?xml version="1.0" encoding="UTF-8"?>
<testng-results ignored="0" total="1" passed="1" failed="0" skipped="0">
  <reporter-output>
    <line>
      <![CDATA[Setting up the reports and test getting ready]]>
    </line>
    <line>
      <![CDATA[Setting done and test can be started]]>
    </line>
    <line>
      <![CDATA[Getting Browser Ready]]>
    </line>
    <line>
      <![CDATA[Browser Launched]]>
    </line>
    <line>
      <![CDATA[Test about to end and Reports being generated]]>
    </line>
    <line>
      <![CDATA[Test Completed and Reports generated]]>
    </line>
  </reporter-output>
  <suite started-at="2021-04-01T22:00:09 IST" name="Suite" finished-at="2021-04-01T22:00:29 IST" duration-ms="20943">
    <groups>
    </groups>
    <test started-at="2021-04-01T22:00:09 IST" name="Test" finished-at="2021-04-01T22:00:29 IST" duration-ms="20943">
      <class name="com.learnautomation.testcases.LoginTestCRM">
        <test-method is-config="true" signature="setupSuite()[pri:0, instance:com.learnautomation.testcases.LoginTestCRM@3f56875e]" started-at="2021-04-01T22:00:08 IST" name="setupSuite" finished-at="2021-04-01T22:00:09 IST" duration-ms="855" status="PASS">
          <reporter-output>
            <line>
              <![CDATA[Setting up the reports and test getting ready]]>
            </line>
            <line>
              <![CDATA[Setting done and test can be started]]>
            </line>
          </reporter-output>
        </test-method> <!-- setupSuite -->
        <test-method is-config="true" signature="setup()[pri:0, instance:com.learnautomation.testcases.LoginTestCRM@3f56875e]" started-at="2021-04-01T22:00:09 IST" name="setup" finished-at="2021-04-01T22:00:20 IST" duration-ms="10941" status="PASS">
          <reporter-output>
            <line>
              <![CDATA[Getting Browser Ready]]>
            </line>
            <line>
              <![CDATA[Browser Launched]]>
            </line>
          </reporter-output>
        </test-method> <!-- setup -->
        <test-method signature="loginApp()[pri:0, instance:com.learnautomation.testcases.LoginTestCRM@3f56875e]" started-at="2021-04-01T22:00:20 IST" name="loginApp" finished-at="2021-04-01T22:00:28 IST" duration-ms="8380" status="PASS">
          <reporter-output>
          </reporter-output>
        </test-method> <!-- loginApp -->
        <test-method is-config="true" signature="teardownmethod(org.testng.ITestResult)[pri:0, instance:com.learnautomation.testcases.LoginTestCRM@3f56875e]" started-at="2021-04-01T22:00:28 IST" name="teardownmethod" finished-at="2021-04-01T22:00:28 IST" duration-ms="506" status="PASS">
          <params>
            <param index="0">
              <value>
                <![CDATA[[TestResult name=loginApp status=SUCCESS method=LoginTestCRM.loginApp()[pri:0, instance:com.learnautomation.testcases.LoginTestCRM@3f56875e] output={null}]]]>
              </value>
            </param>
          </params>
          <reporter-output>
            <line>
              <![CDATA[Test about to end and Reports being generated]]>
            </line>
            <line>
              <![CDATA[Test Completed and Reports generated]]>
            </line>
          </reporter-output>
        </test-method> <!-- teardownmethod -->
        <test-method is-config="true" signature="teardown()[pri:0, instance:com.learnautomation.testcases.LoginTestCRM@3f56875e]" started-at="2021-04-01T22:00:28 IST" name="teardown" finished-at="2021-04-01T22:00:29 IST" duration-ms="1085" status="PASS">
          <reporter-output>
          </reporter-output>
        </test-method> <!-- teardown -->
      </class> <!-- com.learnautomation.testcases.LoginTestCRM -->
    </test> <!-- Test -->
  </suite> <!-- Suite -->
</testng-results>
